<?xml version="1.0" encoding="UTF-8"?>
<testng-results ignored="0" total="2" passed="2" failed="0" skipped="0">
  <reporter-output>
    <line>
      <![CDATA[Setting up reports and test is getting ready]]>
    </line>
    <line>
      <![CDATA[Trying to launch the application]]>
    </line>
    <line>
      <![CDATA[Test is about to end ]]>
    </line>
    <line>
      <![CDATA[Reports generated]]>
    </line>
    <line>
      <![CDATA[Test is about to end ]]>
    </line>
    <line>
      <![CDATA[Reports generated]]>
    </line>
  </reporter-output>
  <suite started-at="2022-03-19T22:19:32 IST" name="Default suite" finished-at="2022-03-19T22:19:45 IST" duration-ms="13132">
    <groups>
    </groups>
    <test started-at="2022-03-19T22:19:32 IST" name="Default test" finished-at="2022-03-19T22:19:45 IST" duration-ms="13132">
      <class name="com.testcases.Login">
        <test-method is-config="true" signature="setUpSuite()[pri:0, instance:com.testcases.Login@78ffe6dc]" started-at="2022-03-19T22:19:31 IST" name="setUpSuite" finished-at="2022-03-19T22:19:32 IST" duration-ms="936" status="PASS">
          <reporter-output>
            <line>
              <![CDATA[Setting up reports and test is getting ready]]>
            </line>
          </reporter-output>
        </test-method> <!-- setUpSuite -->
        <test-method is-config="true" signature="setUp()[pri:0, instance:com.testcases.Login@78ffe6dc]" started-at="2022-03-19T22:19:32 IST" name="setUp" finished-at="2022-03-19T22:19:36 IST" duration-ms="4791" status="PASS">
          <reporter-output>
            <line>
              <![CDATA[Trying to launch the application]]>
            </line>
          </reporter-output>
        </test-method> <!-- setUp -->
        <test-method signature="LoginPage()[pri:1, instance:com.testcases.Login@78ffe6dc]" started-at="2022-03-19T22:19:37 IST" name="LoginPage" finished-at="2022-03-19T22:19:43 IST" duration-ms="6141" status="PASS">
          <reporter-output>
          </reporter-output>
        </test-method> <!-- LoginPage -->
        <test-method is-config="true" signature="tearDownMethod(org.testng.ITestResult)[pri:0, instance:com.testcases.Login@78ffe6dc]" started-at="2022-03-19T22:19:43 IST" name="tearDownMethod" finished-at="2022-03-19T22:19:44 IST" duration-ms="863" status="PASS">
          <params>
            <param index="0">
              <value>
                <![CDATA[[TestResult name=LoginPage status=SUCCESS method=Login.LoginPage()[pri:1, instance:com.testcases.Login@78ffe6dc] output={null}]]]>
              </value>
            </param>
          </params>
          <reporter-output>
            <line>
              <![CDATA[Test is about to end ]]>
            </line>
            <line>
              <![CDATA[Reports generated]]>
            </line>
          </reporter-output>
        </test-method> <!-- tearDownMethod -->
        <test-method signature="LoginOut()[pri:2, instance:com.testcases.Login@78ffe6dc]" started-at="2022-03-19T22:19:44 IST" name="LoginOut" finished-at="2022-03-19T22:19:44 IST" duration-ms="194" status="PASS">
          <reporter-output>
          </reporter-output>
        </test-method> <!-- LoginOut -->
        <test-method is-config="true" signature="tearDownMethod(org.testng.ITestResult)[pri:0, instance:com.testcases.Login@78ffe6dc]" started-at="2022-03-19T22:19:44 IST" name="tearDownMethod" finished-at="2022-03-19T22:19:44 IST" duration-ms="613" status="PASS">
          <params>
            <param index="0">
              <value>
                <![CDATA[[TestResult name=LoginOut status=SUCCESS method=Login.LoginOut()[pri:2, instance:com.testcases.Login@78ffe6dc] output={null}]]]>
              </value>
            </param>
          </params>
          <reporter-output>
            <line>
              <![CDATA[Test is about to end ]]>
            </line>
            <line>
              <![CDATA[Reports generated]]>
            </line>
          </reporter-output>
        </test-method> <!-- tearDownMethod -->
        <test-method is-config="true" signature="tearDown()[pri:0, instance:com.testcases.Login@78ffe6dc]" started-at="2022-03-19T22:19:44 IST" name="tearDown" finished-at="2022-03-19T22:19:45 IST" duration-ms="469" status="PASS">
          <reporter-output>
          </reporter-output>
        </test-method> <!-- tearDown -->
      </class> <!-- com.testcases.Login -->
    </test> <!-- Default test -->
  </suite> <!-- Default suite -->
</testng-results>
